{"message":"[2:42:27.4227 PM]: WARNING!!! using fail-open to connect. Driver is connecting to an HTTPS endpoint without OCSP based Certificated Revocation checking as it could not obtain a valid OCSP Response to use from the CA OCSP responder. Details:","level":"INFO"}
<<<<<<< HEAD
{"message":"[3:53:54.5354 PM]: WARNING!!! using fail-open to connect. Driver is connecting to an HTTPS endpoint without OCSP based Certificated Revocation checking as it could not obtain a valid OCSP Response to use from the CA OCSP responder. Details:","level":"INFO"}
{"message":"[3:53:54.5354 PM]: WARNING!!! using fail-open to connect. Driver is connecting to an HTTPS endpoint without OCSP based Certificated Revocation checking as it could not obtain a valid OCSP Response to use from the CA OCSP responder. Details:","level":"INFO"}
{"message":"[3:53:56.5356 PM]: WARNING!!! using fail-open to connect. Driver is connecting to an HTTPS endpoint without OCSP based Certificated Revocation checking as it could not obtain a valid OCSP Response to use from the CA OCSP responder. Details:","level":"INFO"}
{"message":"[3:53:56.5356 PM]: WARNING!!! using fail-open to connect. Driver is connecting to an HTTPS endpoint without OCSP based Certificated Revocation checking as it could not obtain a valid OCSP Response to use from the CA OCSP responder. Details:","level":"INFO"}
{"message":"[3:53:58.5358 PM]: WARNING!!! using fail-open to connect. Driver is connecting to an HTTPS endpoint without OCSP based Certificated Revocation checking as it could not obtain a valid OCSP Response to use from the CA OCSP responder. Details:","level":"INFO"}
{"message":"[3:53:58.5358 PM]: WARNING!!! using fail-open to connect. Driver is connecting to an HTTPS endpoint without OCSP based Certificated Revocation checking as it could not obtain a valid OCSP Response to use from the CA OCSP responder. Details:","level":"INFO"}
{"message":"[3:54:00.540 PM]: WARNING!!! using fail-open to connect. Driver is connecting to an HTTPS endpoint without OCSP based Certificated Revocation checking as it could not obtain a valid OCSP Response to use from the CA OCSP responder. Details:","level":"INFO"}
{"message":"[3:54:00.540 PM]: WARNING!!! using fail-open to connect. Driver is connecting to an HTTPS endpoint without OCSP based Certificated Revocation checking as it could not obtain a valid OCSP Response to use from the CA OCSP responder. Details:","level":"INFO"}
=======
{"message":"[12:39:01.391 PM]: WARNING!!! using fail-open to connect. Driver is connecting to an HTTPS endpoint without OCSP based Certificated Revocation checking as it could not obtain a valid OCSP Response to use from the CA OCSP responder. Details:","level":"INFO"}
{"message":"[3:36:51.3651 PM]: WARNING!!! using fail-open to connect. Driver is connecting to an HTTPS endpoint without OCSP based Certificated Revocation checking as it could not obtain a valid OCSP Response to use from the CA OCSP responder. Details:","level":"INFO"}
{"message":"[3:36:51.3651 PM]: WARNING!!! using fail-open to connect. Driver is connecting to an HTTPS endpoint without OCSP based Certificated Revocation checking as it could not obtain a valid OCSP Response to use from the CA OCSP responder. Details:","level":"INFO"}
{"message":"[3:36:53.3653 PM]: WARNING!!! using fail-open to connect. Driver is connecting to an HTTPS endpoint without OCSP based Certificated Revocation checking as it could not obtain a valid OCSP Response to use from the CA OCSP responder. Details:","level":"INFO"}
{"message":"[3:36:53.3653 PM]: WARNING!!! using fail-open to connect. Driver is connecting to an HTTPS endpoint without OCSP based Certificated Revocation checking as it could not obtain a valid OCSP Response to use from the CA OCSP responder. Details:","level":"INFO"}
{"message":"[3:37:12.3712 PM]: WARNING!!! using fail-open to connect. Driver is connecting to an HTTPS endpoint without OCSP based Certificated Revocation checking as it could not obtain a valid OCSP Response to use from the CA OCSP responder. Details:","level":"INFO"}
{"message":"[3:37:12.3712 PM]: WARNING!!! using fail-open to connect. Driver is connecting to an HTTPS endpoint without OCSP based Certificated Revocation checking as it could not obtain a valid OCSP Response to use from the CA OCSP responder. Details:","level":"INFO"}
{"message":"[3:37:14.3714 PM]: WARNING!!! using fail-open to connect. Driver is connecting to an HTTPS endpoint without OCSP based Certificated Revocation checking as it could not obtain a valid OCSP Response to use from the CA OCSP responder. Details:","level":"INFO"}
{"message":"[3:37:14.3714 PM]: WARNING!!! using fail-open to connect. Driver is connecting to an HTTPS endpoint without OCSP based Certificated Revocation checking as it could not obtain a valid OCSP Response to use from the CA OCSP responder. Details:","level":"INFO"}
{"message":"[3:38:29.3829 PM]: WARNING!!! using fail-open to connect. Driver is connecting to an HTTPS endpoint without OCSP based Certificated Revocation checking as it could not obtain a valid OCSP Response to use from the CA OCSP responder. Details:","level":"INFO"}
{"message":"[3:38:29.3829 PM]: WARNING!!! using fail-open to connect. Driver is connecting to an HTTPS endpoint without OCSP based Certificated Revocation checking as it could not obtain a valid OCSP Response to use from the CA OCSP responder. Details:","level":"INFO"}
{"message":"[3:38:30.3830 PM]: WARNING!!! using fail-open to connect. Driver is connecting to an HTTPS endpoint without OCSP based Certificated Revocation checking as it could not obtain a valid OCSP Response to use from the CA OCSP responder. Details:","level":"INFO"}
{"message":"[3:38:30.3830 PM]: WARNING!!! using fail-open to connect. Driver is connecting to an HTTPS endpoint without OCSP based Certificated Revocation checking as it could not obtain a valid OCSP Response to use from the CA OCSP responder. Details:","level":"INFO"}
{"message":"[3:38:55.3855 PM]: WARNING!!! using fail-open to connect. Driver is connecting to an HTTPS endpoint without OCSP based Certificated Revocation checking as it could not obtain a valid OCSP Response to use from the CA OCSP responder. Details:","level":"INFO"}
{"message":"[3:38:55.3855 PM]: WARNING!!! using fail-open to connect. Driver is connecting to an HTTPS endpoint without OCSP based Certificated Revocation checking as it could not obtain a valid OCSP Response to use from the CA OCSP responder. Details:","level":"INFO"}
{"message":"[3:38:56.3856 PM]: WARNING!!! using fail-open to connect. Driver is connecting to an HTTPS endpoint without OCSP based Certificated Revocation checking as it could not obtain a valid OCSP Response to use from the CA OCSP responder. Details:","level":"INFO"}
{"message":"[3:38:56.3856 PM]: WARNING!!! using fail-open to connect. Driver is connecting to an HTTPS endpoint without OCSP based Certificated Revocation checking as it could not obtain a valid OCSP Response to use from the CA OCSP responder. Details:","level":"INFO"}
{"message":"[3:39:09.399 PM]: WARNING!!! using fail-open to connect. Driver is connecting to an HTTPS endpoint without OCSP based Certificated Revocation checking as it could not obtain a valid OCSP Response to use from the CA OCSP responder. Details:","level":"INFO"}
{"message":"[3:39:09.399 PM]: WARNING!!! using fail-open to connect. Driver is connecting to an HTTPS endpoint without OCSP based Certificated Revocation checking as it could not obtain a valid OCSP Response to use from the CA OCSP responder. Details:","level":"INFO"}
{"message":"[3:39:11.3911 PM]: WARNING!!! using fail-open to connect. Driver is connecting to an HTTPS endpoint without OCSP based Certificated Revocation checking as it could not obtain a valid OCSP Response to use from the CA OCSP responder. Details:","level":"INFO"}
{"message":"[3:39:11.3911 PM]: WARNING!!! using fail-open to connect. Driver is connecting to an HTTPS endpoint without OCSP based Certificated Revocation checking as it could not obtain a valid OCSP Response to use from the CA OCSP responder. Details:","level":"INFO"}
{"message":"[4:01:21.121 PM]: WARNING!!! using fail-open to connect. Driver is connecting to an HTTPS endpoint without OCSP based Certificated Revocation checking as it could not obtain a valid OCSP Response to use from the CA OCSP responder. Details:","level":"INFO"}
{"message":"[4:01:25.125 PM]: WARNING!!! using fail-open to connect. Driver is connecting to an HTTPS endpoint without OCSP based Certificated Revocation checking as it could not obtain a valid OCSP Response to use from the CA OCSP responder. Details:","level":"INFO"}
{"message":"[4:01:25.125 PM]: WARNING!!! using fail-open to connect. Driver is connecting to an HTTPS endpoint without OCSP based Certificated Revocation checking as it could not obtain a valid OCSP Response to use from the CA OCSP responder. Details:","level":"INFO"}
{"message":"[4:01:28.128 PM]: WARNING!!! using fail-open to connect. Driver is connecting to an HTTPS endpoint without OCSP based Certificated Revocation checking as it could not obtain a valid OCSP Response to use from the CA OCSP responder. Details:","level":"INFO"}
{"message":"[4:01:28.128 PM]: WARNING!!! using fail-open to connect. Driver is connecting to an HTTPS endpoint without OCSP based Certificated Revocation checking as it could not obtain a valid OCSP Response to use from the CA OCSP responder. Details:","level":"INFO"}
{"message":"[4:01:52.152 PM]: WARNING!!! using fail-open to connect. Driver is connecting to an HTTPS endpoint without OCSP based Certificated Revocation checking as it could not obtain a valid OCSP Response to use from the CA OCSP responder. Details:","level":"INFO"}
{"message":"[4:01:52.152 PM]: WARNING!!! using fail-open to connect. Driver is connecting to an HTTPS endpoint without OCSP based Certificated Revocation checking as it could not obtain a valid OCSP Response to use from the CA OCSP responder. Details:","level":"INFO"}
{"message":"[4:01:53.153 PM]: WARNING!!! using fail-open to connect. Driver is connecting to an HTTPS endpoint without OCSP based Certificated Revocation checking as it could not obtain a valid OCSP Response to use from the CA OCSP responder. Details:","level":"INFO"}
{"message":"[4:01:53.153 PM]: WARNING!!! using fail-open to connect. Driver is connecting to an HTTPS endpoint without OCSP based Certificated Revocation checking as it could not obtain a valid OCSP Response to use from the CA OCSP responder. Details:","level":"INFO"}
{"message":"[4:03:38.338 PM]: WARNING!!! using fail-open to connect. Driver is connecting to an HTTPS endpoint without OCSP based Certificated Revocation checking as it could not obtain a valid OCSP Response to use from the CA OCSP responder. Details:","level":"INFO"}
{"message":"[4:03:39.339 PM]: WARNING!!! using fail-open to connect. Driver is connecting to an HTTPS endpoint without OCSP based Certificated Revocation checking as it could not obtain a valid OCSP Response to use from the CA OCSP responder. Details:","level":"INFO"}
{"message":"[4:03:39.339 PM]: WARNING!!! using fail-open to connect. Driver is connecting to an HTTPS endpoint without OCSP based Certificated Revocation checking as it could not obtain a valid OCSP Response to use from the CA OCSP responder. Details:","level":"INFO"}
{"message":"[4:03:40.340 PM]: WARNING!!! using fail-open to connect. Driver is connecting to an HTTPS endpoint without OCSP based Certificated Revocation checking as it could not obtain a valid OCSP Response to use from the CA OCSP responder. Details:","level":"INFO"}
{"message":"[4:03:40.340 PM]: WARNING!!! using fail-open to connect. Driver is connecting to an HTTPS endpoint without OCSP based Certificated Revocation checking as it could not obtain a valid OCSP Response to use from the CA OCSP responder. Details:","level":"INFO"}
{"message":"[4:05:24.524 PM]: WARNING!!! using fail-open to connect. Driver is connecting to an HTTPS endpoint without OCSP based Certificated Revocation checking as it could not obtain a valid OCSP Response to use from the CA OCSP responder. Details:","level":"INFO"}
{"message":"[4:05:25.525 PM]: WARNING!!! using fail-open to connect. Driver is connecting to an HTTPS endpoint without OCSP based Certificated Revocation checking as it could not obtain a valid OCSP Response to use from the CA OCSP responder. Details:","level":"INFO"}
{"message":"[4:05:25.525 PM]: WARNING!!! using fail-open to connect. Driver is connecting to an HTTPS endpoint without OCSP based Certificated Revocation checking as it could not obtain a valid OCSP Response to use from the CA OCSP responder. Details:","level":"INFO"}
{"message":"[4:05:26.526 PM]: WARNING!!! using fail-open to connect. Driver is connecting to an HTTPS endpoint without OCSP based Certificated Revocation checking as it could not obtain a valid OCSP Response to use from the CA OCSP responder. Details:","level":"INFO"}
{"message":"[4:05:26.526 PM]: WARNING!!! using fail-open to connect. Driver is connecting to an HTTPS endpoint without OCSP based Certificated Revocation checking as it could not obtain a valid OCSP Response to use from the CA OCSP responder. Details:","level":"INFO"}
{"message":"[4:07:46.746 PM]: WARNING!!! using fail-open to connect. Driver is connecting to an HTTPS endpoint without OCSP based Certificated Revocation checking as it could not obtain a valid OCSP Response to use from the CA OCSP responder. Details:","level":"INFO"}
{"message":"[4:07:47.747 PM]: WARNING!!! using fail-open to connect. Driver is connecting to an HTTPS endpoint without OCSP based Certificated Revocation checking as it could not obtain a valid OCSP Response to use from the CA OCSP responder. Details:","level":"INFO"}
{"message":"[4:07:47.747 PM]: WARNING!!! using fail-open to connect. Driver is connecting to an HTTPS endpoint without OCSP based Certificated Revocation checking as it could not obtain a valid OCSP Response to use from the CA OCSP responder. Details:","level":"INFO"}
{"message":"[4:07:49.749 PM]: WARNING!!! using fail-open to connect. Driver is connecting to an HTTPS endpoint without OCSP based Certificated Revocation checking as it could not obtain a valid OCSP Response to use from the CA OCSP responder. Details:","level":"INFO"}
{"message":"[4:07:49.749 PM]: WARNING!!! using fail-open to connect. Driver is connecting to an HTTPS endpoint without OCSP based Certificated Revocation checking as it could not obtain a valid OCSP Response to use from the CA OCSP responder. Details:","level":"INFO"}
{"message":"[4:09:35.935 PM]: WARNING!!! using fail-open to connect. Driver is connecting to an HTTPS endpoint without OCSP based Certificated Revocation checking as it could not obtain a valid OCSP Response to use from the CA OCSP responder. Details:","level":"INFO"}
{"message":"[4:09:35.935 PM]: WARNING!!! using fail-open to connect. Driver is connecting to an HTTPS endpoint without OCSP based Certificated Revocation checking as it could not obtain a valid OCSP Response to use from the CA OCSP responder. Details:","level":"INFO"}
{"message":"[4:09:35.935 PM]: WARNING!!! using fail-open to connect. Driver is connecting to an HTTPS endpoint without OCSP based Certificated Revocation checking as it could not obtain a valid OCSP Response to use from the CA OCSP responder. Details:","level":"INFO"}
{"message":"[4:09:37.937 PM]: WARNING!!! using fail-open to connect. Driver is connecting to an HTTPS endpoint without OCSP based Certificated Revocation checking as it could not obtain a valid OCSP Response to use from the CA OCSP responder. Details:","level":"INFO"}
{"message":"[4:09:37.937 PM]: WARNING!!! using fail-open to connect. Driver is connecting to an HTTPS endpoint without OCSP based Certificated Revocation checking as it could not obtain a valid OCSP Response to use from the CA OCSP responder. Details:","level":"INFO"}
{"message":"[4:10:47.1047 PM]: WARNING!!! using fail-open to connect. Driver is connecting to an HTTPS endpoint without OCSP based Certificated Revocation checking as it could not obtain a valid OCSP Response to use from the CA OCSP responder. Details:","level":"INFO"}
{"message":"[4:10:48.1048 PM]: WARNING!!! using fail-open to connect. Driver is connecting to an HTTPS endpoint without OCSP based Certificated Revocation checking as it could not obtain a valid OCSP Response to use from the CA OCSP responder. Details:","level":"INFO"}
{"message":"[4:10:48.1048 PM]: WARNING!!! using fail-open to connect. Driver is connecting to an HTTPS endpoint without OCSP based Certificated Revocation checking as it could not obtain a valid OCSP Response to use from the CA OCSP responder. Details:","level":"INFO"}
{"message":"[4:10:49.1049 PM]: WARNING!!! using fail-open to connect. Driver is connecting to an HTTPS endpoint without OCSP based Certificated Revocation checking as it could not obtain a valid OCSP Response to use from the CA OCSP responder. Details:","level":"INFO"}
{"message":"[4:10:49.1049 PM]: WARNING!!! using fail-open to connect. Driver is connecting to an HTTPS endpoint without OCSP based Certificated Revocation checking as it could not obtain a valid OCSP Response to use from the CA OCSP responder. Details:","level":"INFO"}
{"message":"[4:13:50.1350 PM]: WARNING!!! using fail-open to connect. Driver is connecting to an HTTPS endpoint without OCSP based Certificated Revocation checking as it could not obtain a valid OCSP Response to use from the CA OCSP responder. Details:","level":"INFO"}
{"message":"[4:13:51.1351 PM]: WARNING!!! using fail-open to connect. Driver is connecting to an HTTPS endpoint without OCSP based Certificated Revocation checking as it could not obtain a valid OCSP Response to use from the CA OCSP responder. Details:","level":"INFO"}
{"message":"[4:13:51.1351 PM]: WARNING!!! using fail-open to connect. Driver is connecting to an HTTPS endpoint without OCSP based Certificated Revocation checking as it could not obtain a valid OCSP Response to use from the CA OCSP responder. Details:","level":"INFO"}
{"message":"[4:13:53.1353 PM]: WARNING!!! using fail-open to connect. Driver is connecting to an HTTPS endpoint without OCSP based Certificated Revocation checking as it could not obtain a valid OCSP Response to use from the CA OCSP responder. Details:","level":"INFO"}
{"message":"[4:13:53.1353 PM]: WARNING!!! using fail-open to connect. Driver is connecting to an HTTPS endpoint without OCSP based Certificated Revocation checking as it could not obtain a valid OCSP Response to use from the CA OCSP responder. Details:","level":"INFO"}
{"message":"[4:14:26.1426 PM]: WARNING!!! using fail-open to connect. Driver is connecting to an HTTPS endpoint without OCSP based Certificated Revocation checking as it could not obtain a valid OCSP Response to use from the CA OCSP responder. Details:","level":"INFO"}
{"message":"[4:14:26.1426 PM]: WARNING!!! using fail-open to connect. Driver is connecting to an HTTPS endpoint without OCSP based Certificated Revocation checking as it could not obtain a valid OCSP Response to use from the CA OCSP responder. Details:","level":"INFO"}
{"message":"[4:14:27.1427 PM]: WARNING!!! using fail-open to connect. Driver is connecting to an HTTPS endpoint without OCSP based Certificated Revocation checking as it could not obtain a valid OCSP Response to use from the CA OCSP responder. Details:","level":"INFO"}
{"message":"[4:14:28.1428 PM]: WARNING!!! using fail-open to connect. Driver is connecting to an HTTPS endpoint without OCSP based Certificated Revocation checking as it could not obtain a valid OCSP Response to use from the CA OCSP responder. Details:","level":"INFO"}
{"message":"[4:15:02.152 PM]: WARNING!!! using fail-open to connect. Driver is connecting to an HTTPS endpoint without OCSP based Certificated Revocation checking as it could not obtain a valid OCSP Response to use from the CA OCSP responder. Details:","level":"INFO"}
{"message":"[4:15:03.153 PM]: WARNING!!! using fail-open to connect. Driver is connecting to an HTTPS endpoint without OCSP based Certificated Revocation checking as it could not obtain a valid OCSP Response to use from the CA OCSP responder. Details:","level":"INFO"}
{"message":"[4:15:03.153 PM]: WARNING!!! using fail-open to connect. Driver is connecting to an HTTPS endpoint without OCSP based Certificated Revocation checking as it could not obtain a valid OCSP Response to use from the CA OCSP responder. Details:","level":"INFO"}
{"message":"[4:15:05.155 PM]: WARNING!!! using fail-open to connect. Driver is connecting to an HTTPS endpoint without OCSP based Certificated Revocation checking as it could not obtain a valid OCSP Response to use from the CA OCSP responder. Details:","level":"INFO"}
{"message":"[4:15:05.155 PM]: WARNING!!! using fail-open to connect. Driver is connecting to an HTTPS endpoint without OCSP based Certificated Revocation checking as it could not obtain a valid OCSP Response to use from the CA OCSP responder. Details:","level":"INFO"}
{"message":"[4:15:24.1524 PM]: WARNING!!! using fail-open to connect. Driver is connecting to an HTTPS endpoint without OCSP based Certificated Revocation checking as it could not obtain a valid OCSP Response to use from the CA OCSP responder. Details:","level":"INFO"}
{"message":"[4:15:24.1524 PM]: WARNING!!! using fail-open to connect. Driver is connecting to an HTTPS endpoint without OCSP based Certificated Revocation checking as it could not obtain a valid OCSP Response to use from the CA OCSP responder. Details:","level":"INFO"}
{"message":"[4:15:26.1526 PM]: WARNING!!! using fail-open to connect. Driver is connecting to an HTTPS endpoint without OCSP based Certificated Revocation checking as it could not obtain a valid OCSP Response to use from the CA OCSP responder. Details:","level":"INFO"}
{"message":"[4:15:26.1526 PM]: WARNING!!! using fail-open to connect. Driver is connecting to an HTTPS endpoint without OCSP based Certificated Revocation checking as it could not obtain a valid OCSP Response to use from the CA OCSP responder. Details:","level":"INFO"}
{"message":"[4:18:20.1820 PM]: WARNING!!! using fail-open to connect. Driver is connecting to an HTTPS endpoint without OCSP based Certificated Revocation checking as it could not obtain a valid OCSP Response to use from the CA OCSP responder. Details:","level":"INFO"}
{"message":"[4:18:20.1820 PM]: WARNING!!! using fail-open to connect. Driver is connecting to an HTTPS endpoint without OCSP based Certificated Revocation checking as it could not obtain a valid OCSP Response to use from the CA OCSP responder. Details:","level":"INFO"}
{"message":"[4:18:20.1820 PM]: WARNING!!! using fail-open to connect. Driver is connecting to an HTTPS endpoint without OCSP based Certificated Revocation checking as it could not obtain a valid OCSP Response to use from the CA OCSP responder. Details:","level":"INFO"}
{"message":"[4:18:22.1822 PM]: WARNING!!! using fail-open to connect. Driver is connecting to an HTTPS endpoint without OCSP based Certificated Revocation checking as it could not obtain a valid OCSP Response to use from the CA OCSP responder. Details:","level":"INFO"}
{"message":"[4:18:22.1822 PM]: WARNING!!! using fail-open to connect. Driver is connecting to an HTTPS endpoint without OCSP based Certificated Revocation checking as it could not obtain a valid OCSP Response to use from the CA OCSP responder. Details:","level":"INFO"}
{"message":"[11:05:59.559 AM]: WARNING!!! using fail-open to connect. Driver is connecting to an HTTPS endpoint without OCSP based Certificated Revocation checking as it could not obtain a valid OCSP Response to use from the CA OCSP responder. Details:","level":"INFO"}
{"message":"[11:07:30.730 AM]: WARNING!!! using fail-open to connect. Driver is connecting to an HTTPS endpoint without OCSP based Certificated Revocation checking as it could not obtain a valid OCSP Response to use from the CA OCSP responder. Details:","level":"INFO"}
{"message":"[11:15:02.152 AM]: WARNING!!! using fail-open to connect. Driver is connecting to an HTTPS endpoint without OCSP based Certificated Revocation checking as it could not obtain a valid OCSP Response to use from the CA OCSP responder. Details:","level":"INFO"}
{"message":"[11:16:03.163 AM]: WARNING!!! using fail-open to connect. Driver is connecting to an HTTPS endpoint without OCSP based Certificated Revocation checking as it could not obtain a valid OCSP Response to use from the CA OCSP responder. Details:","level":"INFO"}
>>>>>>> backend
{"message":"[11:06:51.651 AM]: WARNING!!! using fail-open to connect. Driver is connecting to an HTTPS endpoint without OCSP based Certificated Revocation checking as it could not obtain a valid OCSP Response to use from the CA OCSP responder. Details:","level":"INFO"}
{"message":"[11:11:52.1152 AM]: WARNING!!! using fail-open to connect. Driver is connecting to an HTTPS endpoint without OCSP based Certificated Revocation checking as it could not obtain a valid OCSP Response to use from the CA OCSP responder. Details:","level":"INFO"}
{"message":"[11:12:07.127 AM]: WARNING!!! using fail-open to connect. Driver is connecting to an HTTPS endpoint without OCSP based Certificated Revocation checking as it could not obtain a valid OCSP Response to use from the CA OCSP responder. Details:","level":"INFO"}
{"message":"[11:13:11.1311 AM]: WARNING!!! using fail-open to connect. Driver is connecting to an HTTPS endpoint without OCSP based Certificated Revocation checking as it could not obtain a valid OCSP Response to use from the CA OCSP responder. Details:","level":"INFO"}
